file /home/a599m019/gem5-fullsys-enviroment/gem5/site_scons/gem5_scons/configure.py,line 171:
	Configure(confdir = build/ARM/gem5.build/scons_config)
scons: Configure: Checking for linker -Wl,--as-needed support... 
build/ARM/gem5.build/scons_config/conftest_da935ab7a2c376c10f2ce1130ab88c51_0.cc <-
  |int main(int, char *[]) { return 0; }
[m [     CXX] [33mARM/gem5.build/scons_config/conftest_da935ab7a2c376c10f2ce1130ab88c51_0[33m[1m.cc[34m[1m -> [33m[1m.o(B[m
(B[m [    LINK] [33m[33m[1m[34m[1m -> [33m[1mARM/gem5.build/scons_config/conftest_da935ab7a2c376c10f2ce1130ab88c51_0_a99c4d31ee340b3b628d4db8961d3f04[m
scons: Configure: yes


file /home/a599m019/gem5-fullsys-enviroment/gem5/site_scons/gem5_scons/configure.py,line 171:
	Configure(confdir = build/ARM/gem5.build/scons_config)
scons: Configure: Checking for compiler -Wno-free-nonheap-object support... 
build/ARM/gem5.build/scons_config/conftest_342d5457cbf4639ef3e0d4fb7b8ef89b_0.cc <-
  |// CheckCxxFlag DO NOTHING
[m [     CXX] [33mARM/gem5.build/scons_config/conftest_342d5457cbf4639ef3e0d4fb7b8ef89b_0[33m[1m.cc[34m[1m -> [33m[1m_19b9833df9197c1c1d39dac0d0dd9324.o(B[m
scons: Configure: yes


file /home/a599m019/gem5-fullsys-enviroment/gem5/site_scons/gem5_scons/configure.py,line 171:
	Configure(confdir = build/ARM/gem5.build/scons_config)
scons: Configure: Checking for compiler -gz support... 
build/ARM/gem5.build/scons_config/conftest_342d5457cbf4639ef3e0d4fb7b8ef89b_1.cc <-
  |// CheckCxxFlag DO NOTHING
[m [     CXX] [33mARM/gem5.build/scons_config/conftest_342d5457cbf4639ef3e0d4fb7b8ef89b_1[33m[1m.cc[34m[1m -> [33m[1m_37c5edba69f9971b2b797d4dee13ec62.o(B[m
scons: Configure: yes

scons: Configure: Checking for linker -gz support... 
build/ARM/gem5.build/scons_config/conftest_da935ab7a2c376c10f2ce1130ab88c51_1.cc <-
  |int main(int, char *[]) { return 0; }
[m [     CXX] [33mARM/gem5.build/scons_config/conftest_da935ab7a2c376c10f2ce1130ab88c51_1[33m[1m.cc[34m[1m -> [33m[1m.o(B[m
(B[m [    LINK] [33m[33m[1m[34m[1m -> [33m[1mARM/gem5.build/scons_config/conftest_da935ab7a2c376c10f2ce1130ab88c51_1_edda7043ff88127f435c07331c1a1350[m
scons: Configure: yes


file /home/a599m019/gem5-fullsys-enviroment/gem5/site_scons/gem5_scons/configure.py,line 171:
	Configure(confdir = build/ARM/gem5.build/scons_config)

file /home/a599m019/gem5-fullsys-enviroment/gem5/site_scons/gem5_scons/configure.py,line 171:
	Configure(confdir = build/ARM/gem5.build/scons_config)
scons: Configure: Checking for C header file Python.h... 
build/ARM/gem5.build/scons_config/conftest_6f79fff2b5fa95157216534d203df494_0.c <-
  |
  |#include <Python.h>
  |
  |
[m [      CC] [33mARM/gem5.build/scons_config/conftest_6f79fff2b5fa95157216534d203df494_0[33m[1m.c[34m[1m -> [33m[1m_8c2d4efd07171fff31d2de142d498db6.o(B[m
scons: Configure: yes

scons: Configure: Checking Python version... 
build/ARM/gem5.build/scons_config/conftest_2176b2d932a60acfa5b4079f6e5ab92b_0.cc <-
  |
  |#include <pybind11/embed.h>
  |
  |int
  |main(int argc, char **argv) {
  |    pybind11::scoped_interpreter guard{};
  |    pybind11::exec(
  |        "import sys\n"
  |        "vi = sys.version_info\n"
  |        "sys.stdout.write('%i.%i.%i' % (vi.major, vi.minor, vi.micro));\n");
  |    return 0;
  |}
  |    
[m [     CXX] [33mARM/gem5.build/scons_config/conftest_2176b2d932a60acfa5b4079f6e5ab92b_0[33m[1m.cc[34m[1m -> [33m[1m.o(B[m
(B[m [    LINK] [33m[33m[1m[34m[1m -> [33m[1mARM/gem5.build/scons_config/conftest_2176b2d932a60acfa5b4079f6e5ab92b_0_5e8856934904fa19cf7d442c708ee1ad[m
build/ARM/gem5.build/scons_config/conftest_2176b2d932a60acfa5b4079f6e5ab92b_0_5e8856934904fa19cf7d442c708ee1ad > build/ARM/gem5.build/scons_config/conftest_2176b2d932a60acfa5b4079f6e5ab92b_0_5e8856934904fa19cf7d442c708ee1ad.out
scons: Configure: 3.10.6


file /home/a599m019/gem5-fullsys-enviroment/gem5/site_scons/gem5_scons/configure.py,line 171:
	Configure(confdir = build/ARM/gem5.build/scons_config)
scons: Configure: Checking for accept(0,0,0) in C++ library None... 
build/ARM/gem5.build/scons_config/conftest_af8423c78aecfef602aceff7a3b40c1c_0.cpp <-
  |
  |
  |#include "sys/socket.h"
  |
  |int
  |main() {
  |  accept(0,0,0);
  |return 0;
  |}
  |
[m [     CXX] [33mARM/gem5.build/scons_config/conftest_af8423c78aecfef602aceff7a3b40c1c_0[33m[1m.cpp[34m[1m -> [33m[1m.o(B[m
(B[m [    LINK] [33m[33m[1m[34m[1m -> [33m[1mARM/gem5.build/scons_config/conftest_af8423c78aecfef602aceff7a3b40c1c_0_f379171628bcf3cbf0ed602592329b57[m
scons: Configure: yes

scons: Configure: Checking for zlibVersion() in C++ library z... 
build/ARM/gem5.build/scons_config/conftest_127f08e7208dda7ee2cdf0b86065031e_0.cpp <-
  |
  |
  |#include "zlib.h"
  |
  |int
  |main() {
  |  zlibVersion();
  |return 0;
  |}
  |
[m [     CXX] [33mARM/gem5.build/scons_config/conftest_127f08e7208dda7ee2cdf0b86065031e_0[33m[1m.cpp[34m[1m -> [33m[1m.o(B[m
(B[m [    LINK] [33m[33m[1m[34m[1m -> [33m[1mARM/gem5.build/scons_config/conftest_127f08e7208dda7ee2cdf0b86065031e_0_e1ffc715e023cc1c0079fa8dcf7c77a5[m
scons: Configure: yes


file /home/a599m019/gem5-fullsys-enviroment/gem5/site_scons/gem5_scons/configure.py,line 171:
	Configure(confdir = build/ARM/gem5.build/scons_config)
scons: Configure: Checking for C library tcmalloc... 
build/ARM/gem5.build/scons_config/conftest_df286a1d2f67e69d030b4eff75ca7e12_0.c <-
  |
  |
  |
  |int
  |main() {
  |  
  |return 0;
  |}
  |
[m [      CC] [33mARM/gem5.build/scons_config/conftest_df286a1d2f67e69d030b4eff75ca7e12_0[33m[1m.c[34m[1m -> [33m[1m.o(B[m
(B[m [    LINK] [33m[33m[1m[34m[1m -> [33m[1mARM/gem5.build/scons_config/conftest_df286a1d2f67e69d030b4eff75ca7e12_0_2ca5557a0ee89206701d29393a9a8479[m
scons: Configure: yes


file /home/a599m019/gem5-fullsys-enviroment/gem5/site_scons/gem5_scons/configure.py,line 171:
	Configure(confdir = build/ARM/gem5.build/scons_config)
scons: Configure: Checking size of struct kvm_xsave ... 
build/ARM/gem5.build/scons_config/conftest_2839316246cd081d6a26d89ee110bbfb_0.c <-
  |#include <linux/kvm.h>
  |#include <stdlib.h>
  |#include <stdio.h>
  |int main(void) {
  |    printf("%d", (int)sizeof(struct kvm_xsave));
  |    return 0;
  |}
  |    
[m [      CC] [33mARM/gem5.build/scons_config/conftest_2839316246cd081d6a26d89ee110bbfb_0[33m[1m.c[34m[1m -> [33m[1m.o(B[m
(B[m [    LINK] [33m[33m[1m[34m[1m -> [33m[1mARM/gem5.build/scons_config/conftest_2839316246cd081d6a26d89ee110bbfb_0_3decfab7ce8a5e86df94268c9eb7b535[m
build/ARM/gem5.build/scons_config/conftest_2839316246cd081d6a26d89ee110bbfb_0_3decfab7ce8a5e86df94268c9eb7b535 > build/ARM/gem5.build/scons_config/conftest_2839316246cd081d6a26d89ee110bbfb_0_3decfab7ce8a5e86df94268c9eb7b535.out
scons: Configure: yes


file /home/a599m019/gem5-fullsys-enviroment/gem5/site_scons/gem5_scons/configure.py,line 171:
	Configure(confdir = build/ARM/gem5.build/scons_config)
scons: Configure: Checking for C header file linux/kvm.h... 
build/ARM/gem5.build/scons_config/conftest_3d4db39b7cb946e659f69394900767da_0.c <-
  |
  |#include <linux/kvm.h>
  |
  |
[m [      CC] [33mARM/gem5.build/scons_config/conftest_3d4db39b7cb946e659f69394900767da_0[33m[1m.c[34m[1m -> [33m[1m_c740e4f476d8ea583538e9fb2f47c3b9.o(B[m
scons: Configure: yes

scons: Configure: Checking for timer_create(CLOCK_MONOTONIC, NULL, NULL) in C library None... 
build/ARM/gem5.build/scons_config/conftest_52844ad72d03fb661a0391b3dd5b5418_0.c <-
  |
  |
  |#include "time.h"
  |#include "signal.h"
  |
  |int
  |main() {
  |  timer_create(CLOCK_MONOTONIC, NULL, NULL);
  |return 0;
  |}
  |
[m [      CC] [33mARM/gem5.build/scons_config/conftest_52844ad72d03fb661a0391b3dd5b5418_0[33m[1m.c[34m[1m -> [33m[1m.o(B[m
(B[m [    LINK] [33m[33m[1m[34m[1m -> [33m[1mARM/gem5.build/scons_config/conftest_52844ad72d03fb661a0391b3dd5b5418_0_db8118a06589daf26effb12ca832f62d[m
scons: Configure: yes

scons: Configure: Checking for member exclude_host in struct perf_event_attr...
build/ARM/gem5.build/scons_config/conftest_238ff365ce93d3042571511343a9ce78_0.cc <-
  |
  |#include <linux/perf_event.h>
  |int main(){
  |  struct perf_event_attr test;
  |  (void)test.exclude_host;
  |  return 0;
  |};
  |
[m [     CXX] [33mARM/gem5.build/scons_config/conftest_238ff365ce93d3042571511343a9ce78_0[33m[1m.cc[34m[1m -> [33m[1m_d4e91b7ea521f5bf724ff4f944b6d401.o(B[m
scons: Configure: yes


file /home/a599m019/gem5-fullsys-enviroment/gem5/site_scons/gem5_scons/configure.py,line 171:
	Configure(confdir = build/ARM/gem5.build/scons_config)
scons: Configure: Checking for pkg-config package protobuf... 
pkg-config protobuf
scons: Configure: yes

scons: Configure: Checking for GOOGLE_PROTOBUF_VERIFY_VERSION in C++ library protobuf... 
build/ARM/gem5.build/scons_config/conftest_7adb4f9694f1b71cf521a688c0754b92_0.cpp <-
  |
  |
  |#include "google/protobuf/message.h"
  |
  |int
  |main() {
  |  GOOGLE_PROTOBUF_VERIFY_VERSION;
  |return 0;
  |}
  |
[m [     CXX] [33mARM/gem5.build/scons_config/conftest_7adb4f9694f1b71cf521a688c0754b92_0[33m[1m.cpp[34m[1m -> [33m[1m.o(B[m
(B[m [    LINK] [33m[33m[1m[34m[1m -> [33m[1mARM/gem5.build/scons_config/conftest_7adb4f9694f1b71cf521a688c0754b92_0_28b51d5d36b84daa0ee928c041870536[m
scons: Configure: yes


file /home/a599m019/gem5-fullsys-enviroment/gem5/site_scons/gem5_scons/configure.py,line 171:
	Configure(confdir = build/ARM/gem5.build/scons_config)
scons: Configure: Checking for C header file linux/if_tun.h... 
build/ARM/gem5.build/scons_config/conftest_479afe281e6dd1a87a0a74ae5e0195a7_0.c <-
  |
  |#include <linux/if_tun.h>
  |
  |
[m [      CC] [33mARM/gem5.build/scons_config/conftest_479afe281e6dd1a87a0a74ae5e0195a7_0[33m[1m.c[34m[1m -> [33m[1m_b28c0f16bc38dce8973a8df0c38c8bcb.o(B[m
scons: Configure: yes


file /home/a599m019/gem5-fullsys-enviroment/gem5/site_scons/gem5_scons/configure.py,line 171:
	Configure(confdir = build/ARM/gem5.build/scons_config)
scons: Configure: Checking for shm_open("/test", 0, 0) in C library None... 
build/ARM/gem5.build/scons_config/conftest_e16879e797847a0d9ca4fafbdcae0c4c_0.c <-
  |
  |
  |#include "sys/mman.h"
  |
  |int
  |main() {
  |  shm_open("/test", 0, 0);
  |return 0;
  |}
  |
[m [      CC] [33mARM/gem5.build/scons_config/conftest_e16879e797847a0d9ca4fafbdcae0c4c_0[33m[1m.c[34m[1m -> [33m[1m.o(B[m
(B[m [    LINK] [33m[33m[1m[34m[1m -> [33m[1mARM/gem5.build/scons_config/conftest_e16879e797847a0d9ca4fafbdcae0c4c_0_9c72880cf45a4f29951d1cdef08ba215[m
scons: Configure: yes


file /home/a599m019/gem5-fullsys-enviroment/gem5/site_scons/gem5_scons/configure.py,line 171:
	Configure(confdir = build/ARM/gem5.build/scons_config)
scons: Configure: Checking for backtrace_symbols_fd((void *)1, 0, 0) in C library None... 
build/ARM/gem5.build/scons_config/conftest_3d35ef81729b09a4531474c448f3d97b_0.c <-
  |
  |
  |#include "execinfo.h"
  |
  |int
  |main() {
  |  backtrace_symbols_fd((void *)1, 0, 0);
  |return 0;
  |}
  |
[m [      CC] [33mARM/gem5.build/scons_config/conftest_3d35ef81729b09a4531474c448f3d97b_0[33m[1m.c[34m[1m -> [33m[1m.o(B[m
(B[m [    LINK] [33m[33m[1m[34m[1m -> [33m[1mARM/gem5.build/scons_config/conftest_3d35ef81729b09a4531474c448f3d97b_0_36c1f0b922edc3fbd29b0089bfba34bb[m
scons: Configure: yes


file /home/a599m019/gem5-fullsys-enviroment/gem5/site_scons/gem5_scons/configure.py,line 171:
	Configure(confdir = build/ARM/gem5.build/scons_config)
scons: Configure: Checking for C header file fenv.h... 
build/ARM/gem5.build/scons_config/conftest_b63620e7908057d9c68909c7dea2f0c0_0.c <-
  |
  |#include <fenv.h>
  |
  |
[m [      CC] [33mARM/gem5.build/scons_config/conftest_b63620e7908057d9c68909c7dea2f0c0_0[33m[1m.c[34m[1m -> [33m[1m_5c430fafb4a9f026a26a9a99d226decb.o(B[m
scons: Configure: yes

scons: Configure: Checking for C header file png.h... 
build/ARM/gem5.build/scons_config/conftest_6a115e90d1ef31132299ba5de9361ca4_0.c <-
  |
  |#include <png.h>
  |
  |
[m [      CC] [33mARM/gem5.build/scons_config/conftest_6a115e90d1ef31132299ba5de9361ca4_0[33m[1m.c[34m[1m -> [33m[1m_27a4ad2d3b7cf9cd90161af73fa3615c.o(B[m
build/ARM/gem5.build/scons_config/conftest_6a115e90d1ef31132299ba5de9361ca4_0.c:2:10: fatal error: png.h: No such file or directory
    2 | #include <png.h>
      |          ^~~~~~~
compilation terminated.
scons: Configure: no

scons: Configure: Checking for clock_nanosleep(0,0,NULL,NULL) in C library None... 
build/ARM/gem5.build/scons_config/conftest_819d0186bc60125ca639270b0e90357e_0.c <-
  |
  |
  |#include "time.h"
  |
  |int
  |main() {
  |  clock_nanosleep(0,0,NULL,NULL);
  |return 0;
  |}
  |
[m [      CC] [33mARM/gem5.build/scons_config/conftest_819d0186bc60125ca639270b0e90357e_0[33m[1m.c[34m[1m -> [33m[1m.o(B[m
(B[m [    LINK] [33m[33m[1m[34m[1m -> [33m[1mARM/gem5.build/scons_config/conftest_819d0186bc60125ca639270b0e90357e_0_d1bad2debd82a85aa018a790dbda79b0[m
scons: Configure: yes

scons: Configure: Checking for C header file valgrind/valgrind.h... 
build/ARM/gem5.build/scons_config/conftest_fc44fbdd5cf1cbd0f4445fc96a17746b_0.c <-
  |
  |#include "valgrind/valgrind.h"
  |
  |
[m [      CC] [33mARM/gem5.build/scons_config/conftest_fc44fbdd5cf1cbd0f4445fc96a17746b_0[33m[1m.c[34m[1m -> [33m[1m_8dc75df3177948be1869f7ed96772d42.o(B[m
build/ARM/gem5.build/scons_config/conftest_fc44fbdd5cf1cbd0f4445fc96a17746b_0.c:2:10: fatal error: valgrind/valgrind.h: No such file or directory
    2 | #include "valgrind/valgrind.h"
      |          ^~~~~~~~~~~~~~~~~~~~~
compilation terminated.
scons: Configure: no


file /home/a599m019/gem5-fullsys-enviroment/gem5/site_scons/gem5_scons/configure.py,line 171:
	Configure(confdir = build/ARM/gem5.build/scons_config)
build/ARM/gem5.build/scons_config/conftest_76826d42b48bf7dcbdd4a5a6f80d7da9_0.cc <-
  |
  |        int main() {return 0;}
  |        namespace [[gnu::deprecated("Test namespace deprecation")]]
  |        test_deprecated_namespace {}
  |    
[m [     CXX] [33mARM/gem5.build/scons_config/conftest_76826d42b48bf7dcbdd4a5a6f80d7da9_0[33m[1m.cc[34m[1m -> [33m[1m_b156e89652015d056f42c8a717d8dbb7.o(B[m

file /home/a599m019/gem5-fullsys-enviroment/gem5/site_scons/gem5_scons/configure.py,line 171:
	Configure(confdir = build/ARM/gem5.build/scons_config)
scons: Configure: Checking for pkg-config package hdf5-serial... 
pkg-config hdf5-serial
scons: Configure: no

scons: Configure: Checking for pkg-config package hdf5... 
pkg-config hdf5
scons: Configure: no

scons: Configure: Checking for H5Fcreate("", 0, 0, 0) in C library hdf5... 
build/ARM/gem5.build/scons_config/conftest_0ad74dca69d9d81623853ceb0deac13c_0.c <-
  |
  |
  |#include "hdf5.h"
  |
  |int
  |main() {
  |  H5Fcreate("", 0, 0, 0);
  |return 0;
  |}
  |
[m [      CC] [33mARM/gem5.build/scons_config/conftest_0ad74dca69d9d81623853ceb0deac13c_0[33m[1m.c[34m[1m -> [33m[1m.o(B[m
build/ARM/gem5.build/scons_config/conftest_0ad74dca69d9d81623853ceb0deac13c_0.c:3:10: fatal error: hdf5.h: No such file or directory
    3 | #include "hdf5.h"
      |          ^~~~~~~~
compilation terminated.
scons: Configure: no


file /home/a599m019/gem5-fullsys-enviroment/gem5/site_scons/gem5_scons/configure.py,line 171:
	Configure(confdir = build/ARM/gem5.build/scons_config)
scons: Configure: Checking for compiler -Wno-self-assign-overloaded support... 
build/ARM/gem5.build/scons_config/conftest_342d5457cbf4639ef3e0d4fb7b8ef89b_2.cc <-
  |// CheckCxxFlag DO NOTHING
[m [     CXX] [33mARM/gem5.build/scons_config/conftest_342d5457cbf4639ef3e0d4fb7b8ef89b_2[33m[1m.cc[34m[1m -> [33m[1m_7c65c15c696fbc6522bfa63669db9f90.o(B[m
scons: Configure: yes


file /home/a599m019/gem5-fullsys-enviroment/gem5/site_scons/gem5_scons/configure.py,line 171:
	Configure(confdir = build/ARM/gem5.build/scons_config)
scons: Configure: Checking for compiler -Wno-free-nonheap-object support... 
build/ARM/gem5.build/scons_config/conftest_342d5457cbf4639ef3e0d4fb7b8ef89b_3.cc <-
  |// CheckCxxFlag DO NOTHING
[m [     CXX] [33mARM/gem5.build/scons_config/conftest_342d5457cbf4639ef3e0d4fb7b8ef89b_3[33m[1m.cc[34m[1m -> [33m[1m_5209754c70d464e42fa74cdc212a311e.o(B[m
scons: Configure: yes


